<?xml version="1.0" encoding="UTF-8"?>
<!-- Generated by org.testng.reporters.JUnitXMLReporter -->
<testsuite hostname="LAPTOP-JSR19VR7" ignored="0" name="TestIE" tests="1" failures="1" timestamp="27 Mar 2019 09:13:43 GMT" time="0.042" errors="0">
  <testcase name="feature" time="0.014" classname="cucumber.api.testng.AbstractTestNGCucumberTests">
    <failure type="cucumber.runtime.CucumberException" message="cucumber.runtime.CucumberException: When a hook declares an argument it must be of type cucumber.api.Scenario. public void vwfs.insuranceportal.initialSetup.Hooks.initDriver(java.lang.String)">
      <![CDATA[cucumber.runtime.CucumberException: cucumber.runtime.CucumberException: When a hook declares an argument it must be of type cucumber.api.Scenario. public void vwfs.insuranceportal.initialSetup.Hooks.initDriver(java.lang.String)
at cucumber.api.testng.TestNGCucumberRunner.runCucumber(TestNGCucumberRunner.java:69)
at cucumber.api.testng.AbstractTestNGCucumberTests.feature(AbstractTestNGCucumberTests.java:21)
Caused by: cucumber.runtime.CucumberException: When a hook declares an argument it must be of type cucumber.api.Scenario. public void vwfs.insuranceportal.initialSetup.Hooks.initDriver(java.lang.String)
at cucumber.runtime.java.JavaHookDefinition.execute(JavaHookDefinition.java:52)
at cucumber.runtime.Runtime.runHookIfTagsMatch(Runtime.java:224)
at cucumber.runtime.Runtime.runHooks(Runtime.java:212)
at cucumber.runtime.Runtime.runBeforeHooks(Runtime.java:202)
at cucumber.runtime.model.CucumberScenario.run(CucumberScenario.java:40)
at cucumber.runtime.model.CucumberFeature.run(CucumberFeature.java:165)
at cucumber.api.testng.TestNGCucumberRunner.runCucumber(TestNGCucumberRunner.java:63)
... 26 more
... Removed 25 stack frames]]>
    </failure>
  </testcase> <!-- feature -->
</testsuite> <!-- TestIE -->
